<?xml version="1.0" encoding="UTF-8"?>
<testsuite name="com.shopvintage.auctions.AuctionsControllerApplicationTests" tests="1" skipped="0" failures="0" errors="0" timestamp="2021-03-03T23:56:04" hostname="Alfredos-MacBook-Pro.local" time="0.56">
  <properties/>
  <testcase name="contextLoads()" classname="com.shopvintage.auctions.AuctionsControllerApplicationTests" time="0.56"/>
  <system-out><![CDATA[18:55:59.004 [Test worker] DEBUG org.springframework.test.context.BootstrapUtils - Instantiating CacheAwareContextLoaderDelegate from class [org.springframework.test.context.cache.DefaultCacheAwareContextLoaderDelegate]
18:55:59.019 [Test worker] DEBUG org.springframework.test.context.BootstrapUtils - Instantiating BootstrapContext using constructor [public org.springframework.test.context.support.DefaultBootstrapContext(java.lang.Class,org.springframework.test.context.CacheAwareContextLoaderDelegate)]
18:55:59.065 [Test worker] DEBUG org.springframework.test.context.BootstrapUtils - Instantiating TestContextBootstrapper for test class [com.shopvintage.auctions.AuctionsControllerApplicationTests] from class [org.springframework.boot.test.context.SpringBootTestContextBootstrapper]
18:55:59.079 [Test worker] INFO org.springframework.boot.test.context.SpringBootTestContextBootstrapper - Neither @ContextConfiguration nor @ContextHierarchy found for test class [com.shopvintage.auctions.AuctionsControllerApplicationTests], using SpringBootContextLoader
18:55:59.084 [Test worker] DEBUG org.springframework.test.context.support.AbstractContextLoader - Did not detect default resource location for test class [com.shopvintage.auctions.AuctionsControllerApplicationTests]: class path resource [com/shopvintage/auctions/AuctionsControllerApplicationTests-context.xml] does not exist
18:55:59.085 [Test worker] DEBUG org.springframework.test.context.support.AbstractContextLoader - Did not detect default resource location for test class [com.shopvintage.auctions.AuctionsControllerApplicationTests]: class path resource [com/shopvintage/auctions/AuctionsControllerApplicationTestsContext.groovy] does not exist
18:55:59.085 [Test worker] INFO org.springframework.test.context.support.AbstractContextLoader - Could not detect default resource locations for test class [com.shopvintage.auctions.AuctionsControllerApplicationTests]: no resource found for suffixes {-context.xml, Context.groovy}.
18:55:59.086 [Test worker] INFO org.springframework.test.context.support.AnnotationConfigContextLoaderUtils - Could not detect default configuration classes for test class [com.shopvintage.auctions.AuctionsControllerApplicationTests]: AuctionsControllerApplicationTests does not declare any static, non-private, non-final, nested classes annotated with @Configuration.
18:55:59.144 [Test worker] DEBUG org.springframework.test.context.support.ActiveProfilesUtils - Could not find an 'annotation declaring class' for annotation type [org.springframework.test.context.ActiveProfiles] and class [com.shopvintage.auctions.AuctionsControllerApplicationTests]
18:55:59.215 [Test worker] DEBUG org.springframework.context.annotation.ClassPathScanningCandidateComponentProvider - Identified candidate component class: file [/Users/alfredobenaute/bootcamp/bootcamp-shopvintage-auctions-reactive/build/classes/java/main/com/shopvintage/auctions/AuctionsApplication.class]
18:55:59.216 [Test worker] INFO org.springframework.boot.test.context.SpringBootTestContextBootstrapper - Found @SpringBootConfiguration com.shopvintage.auctions.AuctionsApplication for test class com.shopvintage.auctions.AuctionsControllerApplicationTests
18:55:59.319 [Test worker] DEBUG org.springframework.boot.test.context.SpringBootTestContextBootstrapper - @TestExecutionListeners is not present for class [com.shopvintage.auctions.AuctionsControllerApplicationTests]: using defaults.
18:55:59.320 [Test worker] INFO org.springframework.boot.test.context.SpringBootTestContextBootstrapper - Loaded default TestExecutionListener class names from location [META-INF/spring.factories]: [org.springframework.boot.test.autoconfigure.restdocs.RestDocsTestExecutionListener, org.springframework.boot.test.autoconfigure.web.client.MockRestServiceServerResetTestExecutionListener, org.springframework.boot.test.autoconfigure.web.servlet.MockMvcPrintOnlyOnFailureTestExecutionListener, org.springframework.boot.test.autoconfigure.web.servlet.WebDriverTestExecutionListener, org.springframework.boot.test.autoconfigure.webservices.client.MockWebServiceServerTestExecutionListener, org.springframework.boot.test.mock.mockito.MockitoTestExecutionListener, org.springframework.boot.test.mock.mockito.ResetMocksTestExecutionListener, org.springframework.test.context.web.ServletTestExecutionListener, org.springframework.test.context.support.DirtiesContextBeforeModesTestExecutionListener, org.springframework.test.context.event.ApplicationEventsTestExecutionListener, org.springframework.test.context.support.DependencyInjectionTestExecutionListener, org.springframework.test.context.support.DirtiesContextTestExecutionListener, org.springframework.test.context.transaction.TransactionalTestExecutionListener, org.springframework.test.context.jdbc.SqlScriptsTestExecutionListener, org.springframework.test.context.event.EventPublishingTestExecutionListener]
18:55:59.330 [Test worker] DEBUG org.springframework.boot.test.context.SpringBootTestContextBootstrapper - Skipping candidate TestExecutionListener [org.springframework.test.context.web.ServletTestExecutionListener] due to a missing dependency. Specify custom listener classes or make the default listener classes and their required dependencies available. Offending class: [javax/servlet/ServletContext]
18:55:59.337 [Test worker] INFO org.springframework.boot.test.context.SpringBootTestContextBootstrapper - Using TestExecutionListeners: [org.springframework.test.context.support.DirtiesContextBeforeModesTestExecutionListener@48c469f7, org.springframework.test.context.event.ApplicationEventsTestExecutionListener@2efe1e3f, org.springframework.boot.test.mock.mockito.MockitoTestExecutionListener@54ef5eb3, org.springframework.boot.test.autoconfigure.SpringBootDependencyInjectionTestExecutionListener@23e8d971, org.springframework.test.context.support.DirtiesContextTestExecutionListener@4888872a, org.springframework.test.context.transaction.TransactionalTestExecutionListener@165977e2, org.springframework.test.context.jdbc.SqlScriptsTestExecutionListener@38eda95c, org.springframework.test.context.event.EventPublishingTestExecutionListener@5dabcc61, org.springframework.boot.test.autoconfigure.restdocs.RestDocsTestExecutionListener@5196b129, org.springframework.boot.test.autoconfigure.web.client.MockRestServiceServerResetTestExecutionListener@cad3a9e, org.springframework.boot.test.autoconfigure.web.servlet.MockMvcPrintOnlyOnFailureTestExecutionListener@59dfc51e, org.springframework.boot.test.autoconfigure.web.servlet.WebDriverTestExecutionListener@5a94c280, org.springframework.boot.test.autoconfigure.webservices.client.MockWebServiceServerTestExecutionListener@3e6f3f02, org.springframework.boot.test.mock.mockito.ResetMocksTestExecutionListener@5bf38b9b]
18:55:59.342 [Test worker] DEBUG org.springframework.test.context.support.AbstractDirtiesContextTestExecutionListener - Before test class: context [DefaultTestContext@7b7fc148 testClass = AuctionsControllerApplicationTests, testInstance = [null], testMethod = [null], testException = [null], mergedContextConfiguration = [ReactiveWebMergedContextConfiguration@5c0bcc6 testClass = AuctionsControllerApplicationTests, locations = '{}', classes = '{class com.shopvintage.auctions.AuctionsApplication}', contextInitializerClasses = '[]', activeProfiles = '{}', propertySourceLocations = '{}', propertySourceProperties = '{org.springframework.boot.test.context.SpringBootTestContextBootstrapper=true}', contextCustomizers = set[org.springframework.boot.test.autoconfigure.actuate.metrics.MetricsExportContextCustomizerFactory$DisableMetricExportContextCustomizer@1293533c, org.springframework.boot.test.autoconfigure.properties.PropertyMappingContextCustomizer@0, org.springframework.boot.test.autoconfigure.web.servlet.WebDriverContextCustomizerFactory$Customizer@a9580f8, org.springframework.boot.test.context.filter.ExcludeFilterContextCustomizer@1c373da4, org.springframework.boot.test.json.DuplicateJsonObjectContextCustomizerFactory$DuplicateJsonObjectContextCustomizer@1464bd91, org.springframework.boot.test.mock.mockito.MockitoContextCustomizer@0, org.springframework.boot.test.web.client.TestRestTemplateContextCustomizer@689bdb92, org.springframework.boot.test.web.reactive.server.WebTestClientContextCustomizer@2e5266de, org.springframework.boot.test.context.SpringBootTestArgs@1, org.springframework.boot.test.context.SpringBootTestWebEnvironment@76435d4], contextLoader = 'org.springframework.boot.test.context.SpringBootContextLoader', parent = [null]], attributes = map[[empty]]], class annotated with @DirtiesContext [false] with mode [null].
18:55:59.356 [Test worker] DEBUG org.springframework.test.context.support.DependencyInjectionTestExecutionListener - Performing dependency injection for test context [[DefaultTestContext@7b7fc148 testClass = AuctionsControllerApplicationTests, testInstance = com.shopvintage.auctions.AuctionsControllerApplicationTests@c740888, testMethod = [null], testException = [null], mergedContextConfiguration = [ReactiveWebMergedContextConfiguration@5c0bcc6 testClass = AuctionsControllerApplicationTests, locations = '{}', classes = '{class com.shopvintage.auctions.AuctionsApplication}', contextInitializerClasses = '[]', activeProfiles = '{}', propertySourceLocations = '{}', propertySourceProperties = '{org.springframework.boot.test.context.SpringBootTestContextBootstrapper=true}', contextCustomizers = set[org.springframework.boot.test.autoconfigure.actuate.metrics.MetricsExportContextCustomizerFactory$DisableMetricExportContextCustomizer@1293533c, org.springframework.boot.test.autoconfigure.properties.PropertyMappingContextCustomizer@0, org.springframework.boot.test.autoconfigure.web.servlet.WebDriverContextCustomizerFactory$Customizer@a9580f8, org.springframework.boot.test.context.filter.ExcludeFilterContextCustomizer@1c373da4, org.springframework.boot.test.json.DuplicateJsonObjectContextCustomizerFactory$DuplicateJsonObjectContextCustomizer@1464bd91, org.springframework.boot.test.mock.mockito.MockitoContextCustomizer@0, org.springframework.boot.test.web.client.TestRestTemplateContextCustomizer@689bdb92, org.springframework.boot.test.web.reactive.server.WebTestClientContextCustomizer@2e5266de, org.springframework.boot.test.context.SpringBootTestArgs@1, org.springframework.boot.test.context.SpringBootTestWebEnvironment@76435d4], contextLoader = 'org.springframework.boot.test.context.SpringBootContextLoader', parent = [null]], attributes = map['org.springframework.test.context.event.ApplicationEventsTestExecutionListener.recordApplicationEvents' -> false]]].
18:55:59.378 [Test worker] DEBUG org.springframework.test.context.support.TestPropertySourceUtils - Adding inlined properties to environment: {spring.jmx.enabled=false, org.springframework.boot.test.context.SpringBootTestContextBootstrapper=true}

  .   ____          _            __ _ _
 /\\ / ___'_ __ _ _(_)_ __  __ _ \ \ \ \
( ( )\___ | '_ | '_| | '_ \/ _` | \ \ \ \
 \\/  ___)| |_)| | | | | || (_| |  ) ) ) )
  '  |____| .__|_| |_|_| |_\__, | / / / /
 =========|_|==============|___/=/_/_/_/
 :: Spring Boot ::                (v2.4.3)

2021-03-03 18:55:59.871  INFO 62966 --- [    Test worker] c.s.a.AuctionsControllerApplicationTests : Starting AuctionsControllerApplicationTests using Java 13.0.1 on Alfredos-MacBook-Pro.local with PID 62966 (started by alfredobenaute in /Users/alfredobenaute/bootcamp/bootcamp-shopvintage-auctions-reactive)
2021-03-03 18:55:59.872  INFO 62966 --- [    Test worker] c.s.a.AuctionsControllerApplicationTests : No active profile set, falling back to default profiles: default
2021-03-03 18:56:00.614  INFO 62966 --- [    Test worker] .s.d.r.c.RepositoryConfigurationDelegate : Bootstrapping Spring Data Reactive MongoDB repositories in DEFAULT mode.
2021-03-03 18:56:00.799  INFO 62966 --- [    Test worker] .s.d.r.c.RepositoryConfigurationDelegate : Finished Spring Data repository scanning in 181 ms. Found 1 Reactive MongoDB repository interfaces.
2021-03-03 18:56:01.157  INFO 62966 --- [    Test worker] o.s.c.a.ConfigurationClassEnhancer       : @Bean method FunctionConfiguration.po is non-static and returns an object assignable to Spring's BeanFactoryPostProcessor interface. This will result in a failure to process annotations such as @Autowired, @Resource and @PostConstruct within the method's declaring @Configuration class. Add the 'static' modifier to this method to avoid these container lifecycle issues; see @Bean javadoc for complete details.
2021-03-03 18:56:01.178  INFO 62966 --- [    Test worker] faultConfiguringBeanFactoryPostProcessor : No bean named 'errorChannel' has been explicitly defined. Therefore, a default PublishSubscribeChannel will be created.
2021-03-03 18:56:01.183  INFO 62966 --- [    Test worker] faultConfiguringBeanFactoryPostProcessor : No bean named 'taskScheduler' has been explicitly defined. Therefore, a default ThreadPoolTaskScheduler will be created.
2021-03-03 18:56:01.192  INFO 62966 --- [    Test worker] faultConfiguringBeanFactoryPostProcessor : No bean named 'integrationHeaderChannelRegistry' has been explicitly defined. Therefore, a default DefaultHeaderChannelRegistry will be created.
2021-03-03 18:56:01.290  INFO 62966 --- [    Test worker] trationDelegate$BeanPostProcessorChecker : Bean 'org.springframework.integration.config.IntegrationManagementConfiguration' of type [org.springframework.integration.config.IntegrationManagementConfiguration] is not eligible for getting processed by all BeanPostProcessors (for example: not eligible for auto-proxying)
2021-03-03 18:56:01.312  INFO 62966 --- [    Test worker] trationDelegate$BeanPostProcessorChecker : Bean 'integrationChannelResolver' of type [org.springframework.integration.support.channel.BeanFactoryChannelResolver] is not eligible for getting processed by all BeanPostProcessors (for example: not eligible for auto-proxying)
2021-03-03 18:56:01.315  INFO 62966 --- [    Test worker] trationDelegate$BeanPostProcessorChecker : Bean 'integrationDisposableAutoCreatedBeans' of type [org.springframework.integration.config.annotation.Disposables] is not eligible for getting processed by all BeanPostProcessors (for example: not eligible for auto-proxying)
2021-03-03 18:56:01.706  INFO 62966 --- [    Test worker] org.mongodb.driver.cluster               : Cluster created with settings {hosts=[70.37.86.87:27019], mode=SINGLE, requiredClusterType=UNKNOWN, serverSelectionTimeout='30000 ms'}
2021-03-03 18:56:02.158  INFO 62966 --- [.37.86.87:27019] org.mongodb.driver.connection            : Opened connection [connectionId{localValue:1, serverValue:36}] to 70.37.86.87:27019
2021-03-03 18:56:02.158  INFO 62966 --- [.37.86.87:27019] org.mongodb.driver.connection            : Opened connection [connectionId{localValue:2, serverValue:37}] to 70.37.86.87:27019
2021-03-03 18:56:02.160  INFO 62966 --- [.37.86.87:27019] org.mongodb.driver.cluster               : Monitor thread successfully connected to server with description ServerDescription{address=70.37.86.87:27019, type=STANDALONE, state=CONNECTED, ok=true, minWireVersion=0, maxWireVersion=9, maxDocumentSize=16777216, logicalSessionTimeoutMinutes=30, roundTripTimeNanos=204346813}
2021-03-03 18:56:02.414  INFO 62966 --- [    Test worker] o.s.s.c.ThreadPoolTaskScheduler          : Initializing ExecutorService 'taskScheduler'
2021-03-03 18:56:03.190  INFO 62966 --- [    Test worker] o.s.c.s.m.DirectWithAttributesChannel    : Channel 'application.bidConsumer-in-0' has 1 subscriber(s).
2021-03-03 18:56:03.378  INFO 62966 --- [    Test worker] o.s.i.endpoint.EventDrivenConsumer       : Adding {logging-channel-adapter:_org.springframework.integration.errorLogger} as a subscriber to the 'errorChannel' channel
2021-03-03 18:56:03.378  INFO 62966 --- [    Test worker] o.s.i.channel.PublishSubscribeChannel    : Channel 'application.errorChannel' has 1 subscriber(s).
2021-03-03 18:56:03.379  INFO 62966 --- [    Test worker] o.s.i.endpoint.EventDrivenConsumer       : started bean '_org.springframework.integration.errorLogger'
2021-03-03 18:56:03.380  INFO 62966 --- [    Test worker] o.s.c.s.binder.DefaultBinderFactory      : Creating binder: kafka
2021-03-03 18:56:03.545  INFO 62966 --- [    Test worker] o.s.c.s.binder.DefaultBinderFactory      : Caching the binder: kafka
2021-03-03 18:56:03.546  INFO 62966 --- [    Test worker] o.s.c.s.binder.DefaultBinderFactory      : Retrieving cached binder: kafka
2021-03-03 18:56:03.635  INFO 62966 --- [    Test worker] o.a.k.clients.admin.AdminClientConfig    : AdminClientConfig values: 
	bootstrap.servers = [localhost:9092]
	client.dns.lookup = use_all_dns_ips
	client.id = 
	connections.max.idle.ms = 300000
	default.api.timeout.ms = 60000
	metadata.max.age.ms = 300000
	metric.reporters = []
	metrics.num.samples = 2
	metrics.recording.level = INFO
	metrics.sample.window.ms = 30000
	receive.buffer.bytes = 65536
	reconnect.backoff.max.ms = 1000
	reconnect.backoff.ms = 50
	request.timeout.ms = 30000
	retries = 2147483647
	retry.backoff.ms = 100
	sasl.client.callback.handler.class = null
	sasl.jaas.config = null
	sasl.kerberos.kinit.cmd = /usr/bin/kinit
	sasl.kerberos.min.time.before.relogin = 60000
	sasl.kerberos.service.name = null
	sasl.kerberos.ticket.renew.jitter = 0.05
	sasl.kerberos.ticket.renew.window.factor = 0.8
	sasl.login.callback.handler.class = null
	sasl.login.class = null
	sasl.login.refresh.buffer.seconds = 300
	sasl.login.refresh.min.period.seconds = 60
	sasl.login.refresh.window.factor = 0.8
	sasl.login.refresh.window.jitter = 0.05
	sasl.mechanism = GSSAPI
	security.protocol = PLAINTEXT
	security.providers = null
	send.buffer.bytes = 131072
	ssl.cipher.suites = null
	ssl.enabled.protocols = [TLSv1.2, TLSv1.3]
	ssl.endpoint.identification.algorithm = https
	ssl.engine.factory.class = null
	ssl.key.password = null
	ssl.keymanager.algorithm = SunX509
	ssl.keystore.location = null
	ssl.keystore.password = null
	ssl.keystore.type = JKS
	ssl.protocol = TLSv1.3
	ssl.provider = null
	ssl.secure.random.implementation = null
	ssl.trustmanager.algorithm = PKIX
	ssl.truststore.location = null
	ssl.truststore.password = null
	ssl.truststore.type = JKS

2021-03-03 18:56:03.761  INFO 62966 --- [    Test worker] o.a.kafka.common.utils.AppInfoParser     : Kafka version: 2.6.0
2021-03-03 18:56:03.763  INFO 62966 --- [    Test worker] o.a.kafka.common.utils.AppInfoParser     : Kafka commitId: 62abe01bee039651
2021-03-03 18:56:03.764  INFO 62966 --- [    Test worker] o.a.kafka.common.utils.AppInfoParser     : Kafka startTimeMs: 1614815763760
2021-03-03 18:56:04.098  INFO 62966 --- [    Test worker] o.a.k.clients.consumer.ConsumerConfig    : ConsumerConfig values: 
	allow.auto.create.topics = true
	auto.commit.interval.ms = 100
	auto.offset.reset = latest
	bootstrap.servers = [localhost:9092]
	check.crcs = true
	client.dns.lookup = use_all_dns_ips
	client.id = consumer-anonymous.9c82ce5e-b400-4588-9150-eed540f80e9d-1
	client.rack = 
	connections.max.idle.ms = 540000
	default.api.timeout.ms = 60000
	enable.auto.commit = false
	exclude.internal.topics = true
	fetch.max.bytes = 52428800
	fetch.max.wait.ms = 500
	fetch.min.bytes = 1
	group.id = anonymous.9c82ce5e-b400-4588-9150-eed540f80e9d
	group.instance.id = null
	heartbeat.interval.ms = 3000
	interceptor.classes = []
	internal.leave.group.on.close = true
	internal.throw.on.fetch.stable.offset.unsupported = false
	isolation.level = read_uncommitted
	key.deserializer = class org.apache.kafka.common.serialization.ByteArrayDeserializer
	max.partition.fetch.bytes = 1048576
	max.poll.interval.ms = 300000
	max.poll.records = 500
	metadata.max.age.ms = 300000
	metric.reporters = []
	metrics.num.samples = 2
	metrics.recording.level = INFO
	metrics.sample.window.ms = 30000
	partition.assignment.strategy = [class org.apache.kafka.clients.consumer.RangeAssignor]
	receive.buffer.bytes = 65536
	reconnect.backoff.max.ms = 1000
	reconnect.backoff.ms = 50
	request.timeout.ms = 30000
	retry.backoff.ms = 100
	sasl.client.callback.handler.class = null
	sasl.jaas.config = null
	sasl.kerberos.kinit.cmd = /usr/bin/kinit
	sasl.kerberos.min.time.before.relogin = 60000
	sasl.kerberos.service.name = null
	sasl.kerberos.ticket.renew.jitter = 0.05
	sasl.kerberos.ticket.renew.window.factor = 0.8
	sasl.login.callback.handler.class = null
	sasl.login.class = null
	sasl.login.refresh.buffer.seconds = 300
	sasl.login.refresh.min.period.seconds = 60
	sasl.login.refresh.window.factor = 0.8
	sasl.login.refresh.window.jitter = 0.05
	sasl.mechanism = GSSAPI
	security.protocol = PLAINTEXT
	security.providers = null
	send.buffer.bytes = 131072
	session.timeout.ms = 10000
	ssl.cipher.suites = null
	ssl.enabled.protocols = [TLSv1.2, TLSv1.3]
	ssl.endpoint.identification.algorithm = https
	ssl.engine.factory.class = null
	ssl.key.password = null
	ssl.keymanager.algorithm = SunX509
	ssl.keystore.location = null
	ssl.keystore.password = null
	ssl.keystore.type = JKS
	ssl.protocol = TLSv1.3
	ssl.provider = null
	ssl.secure.random.implementation = null
	ssl.trustmanager.algorithm = PKIX
	ssl.truststore.location = null
	ssl.truststore.password = null
	ssl.truststore.type = JKS
	value.deserializer = class org.apache.kafka.common.serialization.ByteArrayDeserializer

2021-03-03 18:56:04.146  INFO 62966 --- [    Test worker] o.a.kafka.common.utils.AppInfoParser     : Kafka version: 2.6.0
2021-03-03 18:56:04.147  INFO 62966 --- [    Test worker] o.a.kafka.common.utils.AppInfoParser     : Kafka commitId: 62abe01bee039651
2021-03-03 18:56:04.147  INFO 62966 --- [    Test worker] o.a.kafka.common.utils.AppInfoParser     : Kafka startTimeMs: 1614815764146
2021-03-03 18:56:04.166  INFO 62966 --- [    Test worker] org.apache.kafka.clients.Metadata        : [Consumer clientId=consumer-anonymous.9c82ce5e-b400-4588-9150-eed540f80e9d-1, groupId=anonymous.9c82ce5e-b400-4588-9150-eed540f80e9d] Cluster ID: IFz27no_RCOWe3LlEJZ8bw
2021-03-03 18:56:04.202  INFO 62966 --- [    Test worker] o.s.c.stream.binder.BinderErrorChannel   : Channel 'new-output.anonymous.9c82ce5e-b400-4588-9150-eed540f80e9d.errors' has 1 subscriber(s).
2021-03-03 18:56:04.204  INFO 62966 --- [    Test worker] o.s.c.stream.binder.BinderErrorChannel   : Channel 'new-output.anonymous.9c82ce5e-b400-4588-9150-eed540f80e9d.errors' has 0 subscriber(s).
2021-03-03 18:56:04.204  INFO 62966 --- [    Test worker] o.s.c.stream.binder.BinderErrorChannel   : Channel 'new-output.anonymous.9c82ce5e-b400-4588-9150-eed540f80e9d.errors' has 1 subscriber(s).
2021-03-03 18:56:04.204  INFO 62966 --- [    Test worker] o.s.c.stream.binder.BinderErrorChannel   : Channel 'new-output.anonymous.9c82ce5e-b400-4588-9150-eed540f80e9d.errors' has 2 subscriber(s).
2021-03-03 18:56:04.223  INFO 62966 --- [    Test worker] o.a.k.clients.consumer.ConsumerConfig    : ConsumerConfig values: 
	allow.auto.create.topics = true
	auto.commit.interval.ms = 100
	auto.offset.reset = latest
	bootstrap.servers = [localhost:9092]
	check.crcs = true
	client.dns.lookup = use_all_dns_ips
	client.id = consumer-anonymous.9c82ce5e-b400-4588-9150-eed540f80e9d-2
	client.rack = 
	connections.max.idle.ms = 540000
	default.api.timeout.ms = 60000
	enable.auto.commit = false
	exclude.internal.topics = true
	fetch.max.bytes = 52428800
	fetch.max.wait.ms = 500
	fetch.min.bytes = 1
	group.id = anonymous.9c82ce5e-b400-4588-9150-eed540f80e9d
	group.instance.id = null
	heartbeat.interval.ms = 3000
	interceptor.classes = []
	internal.leave.group.on.close = true
	internal.throw.on.fetch.stable.offset.unsupported = false
	isolation.level = read_uncommitted
	key.deserializer = class org.apache.kafka.common.serialization.ByteArrayDeserializer
	max.partition.fetch.bytes = 1048576
	max.poll.interval.ms = 300000
	max.poll.records = 500
	metadata.max.age.ms = 300000
	metric.reporters = []
	metrics.num.samples = 2
	metrics.recording.level = INFO
	metrics.sample.window.ms = 30000
	partition.assignment.strategy = [class org.apache.kafka.clients.consumer.RangeAssignor]
	receive.buffer.bytes = 65536
	reconnect.backoff.max.ms = 1000
	reconnect.backoff.ms = 50
	request.timeout.ms = 30000
	retry.backoff.ms = 100
	sasl.client.callback.handler.class = null
	sasl.jaas.config = null
	sasl.kerberos.kinit.cmd = /usr/bin/kinit
	sasl.kerberos.min.time.before.relogin = 60000
	sasl.kerberos.service.name = null
	sasl.kerberos.ticket.renew.jitter = 0.05
	sasl.kerberos.ticket.renew.window.factor = 0.8
	sasl.login.callback.handler.class = null
	sasl.login.class = null
	sasl.login.refresh.buffer.seconds = 300
	sasl.login.refresh.min.period.seconds = 60
	sasl.login.refresh.window.factor = 0.8
	sasl.login.refresh.window.jitter = 0.05
	sasl.mechanism = GSSAPI
	security.protocol = PLAINTEXT
	security.providers = null
	send.buffer.bytes = 131072
	session.timeout.ms = 10000
	ssl.cipher.suites = null
	ssl.enabled.protocols = [TLSv1.2, TLSv1.3]
	ssl.endpoint.identification.algorithm = https
	ssl.engine.factory.class = null
	ssl.key.password = null
	ssl.keymanager.algorithm = SunX509
	ssl.keystore.location = null
	ssl.keystore.password = null
	ssl.keystore.type = JKS
	ssl.protocol = TLSv1.3
	ssl.provider = null
	ssl.secure.random.implementation = null
	ssl.trustmanager.algorithm = PKIX
	ssl.truststore.location = null
	ssl.truststore.password = null
	ssl.truststore.type = JKS
	value.deserializer = class org.apache.kafka.common.serialization.ByteArrayDeserializer

2021-03-03 18:56:04.234  INFO 62966 --- [    Test worker] o.a.kafka.common.utils.AppInfoParser     : Kafka version: 2.6.0
2021-03-03 18:56:04.234  INFO 62966 --- [    Test worker] o.a.kafka.common.utils.AppInfoParser     : Kafka commitId: 62abe01bee039651
2021-03-03 18:56:04.235  INFO 62966 --- [    Test worker] o.a.kafka.common.utils.AppInfoParser     : Kafka startTimeMs: 1614815764234
2021-03-03 18:56:04.236  INFO 62966 --- [    Test worker] o.a.k.clients.consumer.KafkaConsumer     : [Consumer clientId=consumer-anonymous.9c82ce5e-b400-4588-9150-eed540f80e9d-2, groupId=anonymous.9c82ce5e-b400-4588-9150-eed540f80e9d] Subscribed to topic(s): new-output
2021-03-03 18:56:04.237  INFO 62966 --- [    Test worker] o.s.s.c.ThreadPoolTaskScheduler          : Initializing ExecutorService
2021-03-03 18:56:04.241  INFO 62966 --- [    Test worker] s.i.k.i.KafkaMessageDrivenChannelAdapter : started org.springframework.integration.kafka.inbound.KafkaMessageDrivenChannelAdapter@6b139ffb
2021-03-03 18:56:04.260  INFO 62966 --- [container-0-C-1] org.apache.kafka.clients.Metadata        : [Consumer clientId=consumer-anonymous.9c82ce5e-b400-4588-9150-eed540f80e9d-2, groupId=anonymous.9c82ce5e-b400-4588-9150-eed540f80e9d] Cluster ID: IFz27no_RCOWe3LlEJZ8bw
2021-03-03 18:56:04.262  INFO 62966 --- [container-0-C-1] o.a.k.c.c.internals.AbstractCoordinator  : [Consumer clientId=consumer-anonymous.9c82ce5e-b400-4588-9150-eed540f80e9d-2, groupId=anonymous.9c82ce5e-b400-4588-9150-eed540f80e9d] Discovered group coordinator localhost:9092 (id: 2147483646 rack: null)
2021-03-03 18:56:04.266  INFO 62966 --- [container-0-C-1] o.a.k.c.c.internals.AbstractCoordinator  : [Consumer clientId=consumer-anonymous.9c82ce5e-b400-4588-9150-eed540f80e9d-2, groupId=anonymous.9c82ce5e-b400-4588-9150-eed540f80e9d] (Re-)joining group
2021-03-03 18:56:04.286  INFO 62966 --- [container-0-C-1] o.a.k.c.c.internals.AbstractCoordinator  : [Consumer clientId=consumer-anonymous.9c82ce5e-b400-4588-9150-eed540f80e9d-2, groupId=anonymous.9c82ce5e-b400-4588-9150-eed540f80e9d] Join group failed with org.apache.kafka.common.errors.MemberIdRequiredException: The group member needs to have a valid member id before actually entering a consumer group.
2021-03-03 18:56:04.286  INFO 62966 --- [container-0-C-1] o.a.k.c.c.internals.AbstractCoordinator  : [Consumer clientId=consumer-anonymous.9c82ce5e-b400-4588-9150-eed540f80e9d-2, groupId=anonymous.9c82ce5e-b400-4588-9150-eed540f80e9d] (Re-)joining group
2021-03-03 18:56:04.290  INFO 62966 --- [    Test worker] c.s.a.AuctionsControllerApplicationTests : Started AuctionsControllerApplicationTests in 4.901 seconds (JVM running for 6.253)
]]></system-out>
  <system-err><![CDATA[]]></system-err>
</testsuite>
